0 info it worked if it ends with ok
1 verbose cli [ 'C:\\Program Files\\nodejs\\node.exe',
1 verbose cli   'C:\\Program Files\\nodejs\\node_modules\\npm\\bin\\npm-cli.js',
1 verbose cli   'run',
1 verbose cli   'dev' ]
2 info using npm@3.10.10
3 info using node@v6.10.1
4 verbose run-script [ 'predev', 'dev', 'postdev' ]
5 info lifecycle y@1.0.0~predev: y@1.0.0
6 silly lifecycle y@1.0.0~predev: no script for predev, continuing
7 info lifecycle y@1.0.0~dev: y@1.0.0
8 verbose lifecycle y@1.0.0~dev: unsafe-perm in lifecycle true
9 verbose lifecycle y@1.0.0~dev: PATH: C:\Program Files\nodejs\node_modules\npm\bin\node-gyp-bin;C:\Users\chany\Desktop\HaruFront\Haru_front\04.13.NewProject\승환 Vue-NewProject\node_modules\.bin;C:\Users\chany\Downloads\cmder\bin;C:\Users\chany\Downloads\cmder\vendor\conemu-maximus5\ConEmu\Scripts;C:\Users\chany\Downloads\cmder\vendor\conemu-maximus5;C:\Users\chany\Downloads\cmder\vendor\conemu-maximus5\ConEmu;C:\Windows\system32;C:\Windows;C:\Windows\System32\Wbem;C:\Windows\System32\WindowsPowerShell\v1.0\;C:\Program Files\MySQL\MySQL Utilities 1.6\;C:\Program Files\Git\cmd;C:\Users\chany\AppData\Roaming\nvm;C:\Program Files\nodejs;C:\Program Files\nodejs\;C:\Users\chany\AppData\Local\Programs\Python\Python35\Scripts\;C:\Users\chany\AppData\Local\Programs\Python\Python35\;C:\Users\chany\AppData\Local\Microsoft\WindowsApps;C:\Users\chany\AppData\Local\atom\bin;C:\Users\chany\AppData\Roaming\nvm;C:\Program Files\nodejs;C:\Program Files (x86)\Microsoft VS Code\bin;C:\Users\chany\AppData\Roaming\npm;C:\Users\chany\AppData\Local\Google\Cloud SDK\google-cloud-sdk\bin;C:\Program Files (x86)\ESTsoft\ALSee\x64;C:\Program Files\Git\usr\bin;C:\Program Files\Git\usr\share\vim\vim74;C:\Users\chany\Downloads\cmder\
10 verbose lifecycle y@1.0.0~dev: CWD: C:\Users\chany\Desktop\HaruFront\Haru_front\04.13.NewProject\승환 Vue-NewProject
11 silly lifecycle y@1.0.0~dev: Args: [ '/d /s /c',
11 silly lifecycle   'cross-env NODE_ENV=development webpack-dev-server --open --hot' ]
12 silly lifecycle y@1.0.0~dev: Returned: code: 3221225786  signal: null
13 info lifecycle y@1.0.0~dev: Failed to exec dev script
14 verbose stack Error: y@1.0.0 dev: `cross-env NODE_ENV=development webpack-dev-server --open --hot`
14 verbose stack Exit status 3221225786
14 verbose stack     at EventEmitter.<anonymous> (C:\Program Files\nodejs\node_modules\npm\lib\utils\lifecycle.js:255:16)
14 verbose stack     at emitTwo (events.js:106:13)
14 verbose stack     at EventEmitter.emit (events.js:191:7)
14 verbose stack     at ChildProcess.<anonymous> (C:\Program Files\nodejs\node_modules\npm\lib\utils\spawn.js:40:14)
14 verbose stack     at emitTwo (events.js:106:13)
14 verbose stack     at ChildProcess.emit (events.js:191:7)
14 verbose stack     at maybeClose (internal/child_process.js:886:16)
14 verbose stack     at Process.ChildProcess._handle.onexit (internal/child_process.js:226:5)
15 verbose pkgid y@1.0.0
16 verbose cwd C:\Users\chany\Desktop\HaruFront\Haru_front\04.13.NewProject\승환 Vue-NewProject
17 error Windows_NT 10.0.14393
18 error argv "C:\\Program Files\\nodejs\\node.exe" "C:\\Program Files\\nodejs\\node_modules\\npm\\bin\\npm-cli.js" "run" "dev"
19 error node v6.10.1
20 error npm  v3.10.10
21 error code ELIFECYCLE
22 error y@1.0.0 dev: `cross-env NODE_ENV=development webpack-dev-server --open --hot`
22 error Exit status 3221225786
23 error Failed at the y@1.0.0 dev script 'cross-env NODE_ENV=development webpack-dev-server --open --hot'.
23 error Make sure you have the latest version of node.js and npm installed.
23 error If you do, this is most likely a problem with the y package,
23 error not with npm itself.
23 error Tell the author that this fails on your system:
23 error     cross-env NODE_ENV=development webpack-dev-server --open --hot
23 error You can get information on how to open an issue for this project with:
23 error     npm bugs y
23 error Or if that isn't available, you can get their info via:
23 error     npm owner ls y
23 error There is likely additional logging output above.
24 verbose exit [ 1, true ]
