0 info it worked if it ends with ok
1 verbose cli [ 'C:\\Program Files\\nodejs\\node.exe',
1 verbose cli   'C:\\Program Files\\nodejs\\node_modules\\npm\\bin\\npm-cli.js',
1 verbose cli   'run',
1 verbose cli   'sass' ]
2 info using npm@3.10.10
3 info using node@v6.10.1
4 verbose run-script [ 'presass', 'sass', 'postsass' ]
5 info lifecycle haru-modal@0.0.1~presass: haru-modal@0.0.1
6 silly lifecycle haru-modal@0.0.1~presass: no script for presass, continuing
7 info lifecycle haru-modal@0.0.1~sass: haru-modal@0.0.1
8 verbose lifecycle haru-modal@0.0.1~sass: unsafe-perm in lifecycle true
9 verbose lifecycle haru-modal@0.0.1~sass: PATH: C:\Program Files\nodejs\node_modules\npm\bin\node-gyp-bin;C:\Users\chany\Desktop\HaruFront\Haru_front\04.13.NewProject\희찬loginSingup\node_modules\.bin;C:\Users\chany\Downloads\cmder\bin;C:\Users\chany\Downloads\cmder\vendor\conemu-maximus5\ConEmu\Scripts;C:\Users\chany\Downloads\cmder\vendor\conemu-maximus5;C:\Users\chany\Downloads\cmder\vendor\conemu-maximus5\ConEmu;C:\Windows\system32;C:\Windows;C:\Windows\System32\Wbem;C:\Windows\System32\WindowsPowerShell\v1.0\;C:\Program Files\MySQL\MySQL Utilities 1.6\;C:\Program Files\Git\cmd;C:\Users\chany\AppData\Roaming\nvm;C:\Program Files\nodejs;C:\Program Files\nodejs\;C:\Users\chany\AppData\Local\Programs\Python\Python35\Scripts\;C:\Users\chany\AppData\Local\Programs\Python\Python35\;C:\Users\chany\AppData\Local\Microsoft\WindowsApps;C:\Users\chany\AppData\Local\atom\bin;C:\Users\chany\AppData\Roaming\nvm;C:\Program Files\nodejs;C:\Program Files (x86)\Microsoft VS Code\bin;C:\Users\chany\AppData\Roaming\npm;C:\Users\chany\AppData\Local\Google\Cloud SDK\google-cloud-sdk\bin;C:\Program Files (x86)\ESTsoft\ALSee\x64;C:\Program Files\Git\usr\bin;C:\Program Files\Git\usr\share\vim\vim74;C:\Users\chany\Downloads\cmder\
10 verbose lifecycle haru-modal@0.0.1~sass: CWD: C:\Users\chany\Desktop\HaruFront\Haru_front\04.13.NewProject\희찬loginSingup
11 silly lifecycle haru-modal@0.0.1~sass: Args: [ '/d /s /c',
11 silly lifecycle   'node-sass -w -r sass -o css --output-style expanded --source-map-embed' ]
12 silly lifecycle haru-modal@0.0.1~sass: Returned: code: 3221225786  signal: null
13 info lifecycle haru-modal@0.0.1~sass: Failed to exec sass script
14 verbose stack Error: haru-modal@0.0.1 sass: `node-sass -w -r sass -o css --output-style expanded --source-map-embed`
14 verbose stack Exit status 3221225786
14 verbose stack     at EventEmitter.<anonymous> (C:\Program Files\nodejs\node_modules\npm\lib\utils\lifecycle.js:255:16)
14 verbose stack     at emitTwo (events.js:106:13)
14 verbose stack     at EventEmitter.emit (events.js:191:7)
14 verbose stack     at ChildProcess.<anonymous> (C:\Program Files\nodejs\node_modules\npm\lib\utils\spawn.js:40:14)
14 verbose stack     at emitTwo (events.js:106:13)
14 verbose stack     at ChildProcess.emit (events.js:191:7)
14 verbose stack     at maybeClose (internal/child_process.js:886:16)
14 verbose stack     at Process.ChildProcess._handle.onexit (internal/child_process.js:226:5)
15 verbose pkgid haru-modal@0.0.1
16 verbose cwd C:\Users\chany\Desktop\HaruFront\Haru_front\04.13.NewProject\희찬loginSingup
17 error Windows_NT 10.0.14393
18 error argv "C:\\Program Files\\nodejs\\node.exe" "C:\\Program Files\\nodejs\\node_modules\\npm\\bin\\npm-cli.js" "run" "sass"
19 error node v6.10.1
20 error npm  v3.10.10
21 error code ELIFECYCLE
22 error haru-modal@0.0.1 sass: `node-sass -w -r sass -o css --output-style expanded --source-map-embed`
22 error Exit status 3221225786
23 error Failed at the haru-modal@0.0.1 sass script 'node-sass -w -r sass -o css --output-style expanded --source-map-embed'.
23 error Make sure you have the latest version of node.js and npm installed.
23 error If you do, this is most likely a problem with the haru-modal package,
23 error not with npm itself.
23 error Tell the author that this fails on your system:
23 error     node-sass -w -r sass -o css --output-style expanded --source-map-embed
23 error You can get information on how to open an issue for this project with:
23 error     npm bugs haru-modal
23 error Or if that isn't available, you can get their info via:
23 error     npm owner ls haru-modal
23 error There is likely additional logging output above.
24 verbose exit [ 1, true ]
